[13:02:08] [main/INFO] (FabricLoader/GameProvider) Loading Minecraft 1.20.2 with Fabric Loader 0.16.9
[13:02:08] [main/INFO] (FabricLoader) Loading 58 mods:
	- fabric-api 0.91.6+1.20.2
	- fabric-api-base 0.4.33+fce67b32a0
	- fabric-api-lookup-api-v1 1.6.43+b1792f7da0
	- fabric-biome-api-v1 13.0.14+b1792f7da0
	- fabric-block-api-v1 1.0.12+73761d2ea0
	- fabric-block-view-api-v2 1.0.1+73761d2ea0
	- fabric-blockrenderlayer-v1 1.1.43+f4b7e424a0
	- fabric-client-tags-api-v1 1.1.4+86b12645a0
	- fabric-command-api-v1 1.2.37+f71b366fa0
	- fabric-command-api-v2 2.2.16+b1792f7da0
	- fabric-commands-v0 0.2.54+df3654b3a0
	- fabric-containers-v0 0.1.81+df3654b3a0
	- fabric-content-registries-v0 5.0.6+b1792f7da0
	- fabric-convention-tags-v1 1.5.8+b1792f7da0
	- fabric-crash-report-info-v1 0.2.20+f4b7e424a0
	- fabric-data-generation-api-v1 13.1.11+b1792f7da0
	- fabric-dimensions-v1 2.1.57+b1792f7da0
	- fabric-entity-events-v1 1.5.26+b1792f7da0
	- fabric-events-interaction-v0 0.6.10+b1792f7da0
	- fabric-events-lifecycle-v0 0.2.70+df3654b3a0
	- fabric-game-rule-api-v1 1.0.42+a44e16a6a0
	- fabric-gametest-api-v1 1.2.16+b1792f7da0
	- fabric-item-api-v1 2.1.33+b1792f7da0
	- fabric-item-group-api-v1 4.0.15+e3d2bf3fa0
	- fabric-key-binding-api-v1 1.0.38+f4b7e424a0
	- fabric-keybindings-v0 0.2.36+df3654b3a0
	- fabric-lifecycle-events-v1 2.2.28+c8b10480a0
	- fabric-loot-api-v2 2.1.1+3ba460fba0
	- fabric-message-api-v1 6.0.2+e3d2bf3fa0
	- fabric-mining-level-api-v1 2.1.56+f4b7e424a0
	- fabric-model-loading-api-v1 1.0.6+b1792f7da0
	- fabric-models-v0 0.4.5+9386d8a7a0
	- fabric-networking-api-v1 3.1.5+f4be560ba0
	- fabric-object-builder-api-v1 12.1.2+2ff98d3ba0
	- fabric-particles-v1 1.1.4+f4b7e424a0
	- fabric-recipe-api-v1 2.0.14+52b3ebe5a0
	- fabric-registry-sync-v0 4.0.12+b1792f7da0
	- fabric-renderer-api-v1 3.2.1+2034447ca0
	- fabric-renderer-indigo 1.5.1+2034447ca0
	- fabric-renderer-registries-v1 3.2.49+df3654b3a0
	- fabric-rendering-data-attachment-v1 0.3.39+73761d2ea0
	- fabric-rendering-fluids-v1 3.0.30+f4b7e424a0
	- fabric-rendering-v0 1.1.52+df3654b3a0
	- fabric-rendering-v1 3.0.11+b1792f7da0
	- fabric-resource-conditions-api-v1 2.3.11+239dafd8a0
	- fabric-resource-loader-v0 0.11.12+b1792f7da0
	- fabric-screen-api-v1 2.0.12+b1792f7da0
	- fabric-screen-handler-api-v1 1.3.47+b1792f7da0
	- fabric-sound-api-v1 1.0.14+f4b7e424a0
	- fabric-transfer-api-v1 3.3.13+4944b5a5a0
	- fabric-transitive-access-wideners-v1 5.0.3+fce67b32a0
	- fabricloader 0.16.9
	- java 21
	- me-fabric 0.0.1-TESTBUILD-1
	- minecraft 1.20.2
	- mixinextras 0.4.1
	- modmenu 8.0.1
	- owo 0.11.4+1.20.2
[13:02:18] [main/INFO] (FabricLoader/Mixin) SpongePowered MIXIN Subsystem Version=0.8.7 Source=file:/Users/archervanhorn/.gradle/caches/modules-2/files-2.1/net.fabricmc/sponge-mixin/0.15.4+mixin.0.8.7/6a12aacc794f1078458433116e9ed42c1cc98096/sponge-mixin-0.15.4+mixin.0.8.7.jar Service=Knot/Fabric Env=CLIENT
[13:02:18] [main/INFO] (FabricLoader/Mixin) Loaded Fabric development mappings for mixin remapper!
[13:02:19] [main/INFO] (FabricLoader/Mixin) Compatibility level set to JAVA_17
[13:02:20] [main/WARN] (FabricLoader/Mixin) Error loading class: xyz/nucleoid/server/translations/impl/language/SystemDelegatedLanguage (java.lang.ClassNotFoundException: xyz/nucleoid/server/translations/impl/language/SystemDelegatedLanguage)
[13:02:20] [main/WARN] (FabricLoader/Mixin) Error loading class: org/jetbrains/annotations/ApiStatus$Internal (java.lang.ClassNotFoundException: org/jetbrains/annotations/ApiStatus$Internal)
[13:02:20] [main/INFO] (FabricLoader/MixinExtras|Service) Initializing MixinExtras via com.llamalad7.mixinextras.service.MixinExtrasServiceImpl(version=0.4.1).
[13:02:26] [Datafixer Bootstrap/INFO] (Minecraft) 192 Datafixer optimizations took 147 milliseconds
[13:02:28] [Render thread/WARN] (FabricLoader/Mixin) Error loading class: org/quiltmc/loader/impl/game/minecraft/Hooks (java.lang.ClassNotFoundException: org/quiltmc/loader/impl/game/minecraft/Hooks)
[13:02:28] [Render thread/INFO] (Minecraft) Environment: Environment[accountsHost=https://api.mojang.com, sessionHost=https://sessionserver.mojang.com, servicesHost=https://api.minecraftservices.com, name=PROD]
[13:02:29] [Render thread/ERROR] (Minecraft) Failed to verify authentication
com.mojang.authlib.exceptions.InvalidCredentialsException: Status: 401
	at com.mojang.authlib.exceptions.MinecraftClientHttpException.toAuthenticationException(MinecraftClientHttpException.java:59) ~[authlib-5.0.47.jar:?]
	at com.mojang.authlib.yggdrasil.YggdrasilUserApiService.fetchProperties(YggdrasilUserApiService.java:159) ~[authlib-5.0.47.jar:?]
	at com.mojang.authlib.yggdrasil.YggdrasilUserApiService.<init>(YggdrasilUserApiService.java:53) ~[authlib-5.0.47.jar:?]
	at com.mojang.authlib.yggdrasil.YggdrasilAuthenticationService.createUserApiService(YggdrasilAuthenticationService.java:55) ~[authlib-5.0.47.jar:?]
	at net.minecraft.client.MinecraftClient.createUserApiService(MinecraftClient.java:787) ~[minecraft-clientOnly-377ddae671-1.20.2-net.fabricmc.yarn.1_20_2.1.20.2+build.4-v2.jar:?]
	at net.minecraft.client.MinecraftClient.<init>(MinecraftClient.java:451) ~[minecraft-clientOnly-377ddae671-1.20.2-net.fabricmc.yarn.1_20_2.1.20.2+build.4-v2.jar:?]
	at net.minecraft.client.main.Main.main(Main.java:214) ~[minecraft-clientOnly-377ddae671-1.20.2-net.fabricmc.yarn.1_20_2.1.20.2+build.4-v2.jar:?]
	at net.fabricmc.loader.impl.game.minecraft.MinecraftGameProvider.launch(MinecraftGameProvider.java:480) ~[fabric-loader-0.16.9.jar:?]
	at net.fabricmc.loader.impl.launch.knot.Knot.launch(Knot.java:74) ~[fabric-loader-0.16.9.jar:?]
	at net.fabricmc.loader.impl.launch.knot.KnotClient.main(KnotClient.java:23) ~[fabric-loader-0.16.9.jar:?]
	at net.fabricmc.devlaunchinjector.Main.main(Main.java:86) ~[dev-launch-injector-0.2.1+build.8.jar:?]
Caused by: com.mojang.authlib.exceptions.MinecraftClientHttpException: Status: 401
	at com.mojang.authlib.minecraft.client.MinecraftClient.readInputStream(MinecraftClient.java:100) ~[authlib-5.0.47.jar:?]
	at com.mojang.authlib.minecraft.client.MinecraftClient.get(MinecraftClient.java:57) ~[authlib-5.0.47.jar:?]
	at com.mojang.authlib.yggdrasil.YggdrasilUserApiService.fetchProperties(YggdrasilUserApiService.java:130) ~[authlib-5.0.47.jar:?]
	... 9 more
[13:02:29] [Render thread/INFO] (Minecraft) Setting user: Player736
[13:02:29] [Render thread/INFO] (fabric-networking-api-v1) Force Packet Serialization is enabled to mimic remote connection on single player, this is the default behaviour on dev env. Add -Dfabric-api.networking.force-packet-serialization=false JVM arg to disable it.
[13:02:29] [Render thread/INFO] (Magia) Initializing Magia Edition: 0.0.1-TESTBUILD-1
[13:02:29] [Render thread/ERROR] (Minecraft) No data fixer registered for zombie_clone
[13:02:29] [Render thread/INFO] (Magia) Checking for Update...
[13:02:29] [Render thread/ERROR] (Magia) Version: 0.0.1-TESTBUILD-1 is out of date, latest is: 0.0.1a
[13:02:29] [Render thread/INFO] (owo) Hey - if you want to spice up your house, Jello has about 1833 colors; atleast one of them has to tickle your fancy
[13:02:30] [Render thread/INFO] (Indigo) [Indigo] Registering Indigo renderer!
[13:02:30] [Worker-Main-2/INFO] (Mod Menu/Update Checker) Checking mod updates...
[13:02:30] [Render thread/WARN] (FabricLoader) getRootPath access for fabric-item-group-api-v1 4.0.15+e3d2bf3fa0 with multiple paths, returning only one which may incur unexpected behavior!
[13:02:30] [Render thread/WARN] (FabricLoader) getRootPath access for fabric-rendering-fluids-v1 3.0.30+f4b7e424a0 with multiple paths, returning only one which may incur unexpected behavior!
[13:02:30] [Render thread/WARN] (FabricLoader) getRootPath access for fabric-data-generation-api-v1 13.1.11+b1792f7da0 with multiple paths, returning only one which may incur unexpected behavior!
[13:02:30] [Render thread/WARN] (FabricLoader) getRootPath access for fabric-transfer-api-v1 3.3.13+4944b5a5a0 with multiple paths, returning only one which may incur unexpected behavior!
[13:02:30] [Render thread/WARN] (FabricLoader) getRootPath access for fabric-command-api-v2 2.2.16+b1792f7da0 with multiple paths, returning only one which may incur unexpected behavior!
[13:02:30] [Render thread/WARN] (FabricLoader) getRootPath access for fabric-events-interaction-v0 0.6.10+b1792f7da0 with multiple paths, returning only one which may incur unexpected behavior!
[13:02:30] [Render thread/WARN] (FabricLoader) getRootPath access for fabric-entity-events-v1 1.5.26+b1792f7da0 with multiple paths, returning only one which may incur unexpected behavior!
[13:02:30] [Render thread/WARN] (FabricLoader) getRootPath access for fabric-events-lifecycle-v0 0.2.70+df3654b3a0 with multiple paths, returning only one which may incur unexpected behavior!
[13:02:30] [Render thread/WARN] (FabricLoader) getRootPath access for fabric-registry-sync-v0 4.0.12+b1792f7da0 with multiple paths, returning only one which may incur unexpected behavior!
[13:02:30] [Render thread/WARN] (FabricLoader) getRootPath access for fabric-particles-v1 1.1.4+f4b7e424a0 with multiple paths, returning only one which may incur unexpected behavior!
[13:02:30] [Render thread/WARN] (FabricLoader) getRootPath access for fabric-rendering-data-attachment-v1 0.3.39+73761d2ea0 with multiple paths, returning only one which may incur unexpected behavior!
[13:02:30] [Render thread/WARN] (FabricLoader) getRootPath access for minecraft 1.20.2 with multiple paths, returning only one which may incur unexpected behavior!
[13:02:30] [Render thread/WARN] (FabricLoader) getRootPath access for fabric-screen-handler-api-v1 1.3.47+b1792f7da0 with multiple paths, returning only one which may incur unexpected behavior!
[13:02:30] [Render thread/WARN] (FabricLoader) getRootPath access for fabric-game-rule-api-v1 1.0.42+a44e16a6a0 with multiple paths, returning only one which may incur unexpected behavior!
[13:02:30] [Render thread/WARN] (FabricLoader) getRootPath access for fabric-resource-loader-v0 0.11.12+b1792f7da0 with multiple paths, returning only one which may incur unexpected behavior!
[13:02:30] [Render thread/WARN] (FabricLoader) getRootPath access for fabric-object-builder-api-v1 12.1.2+2ff98d3ba0 with multiple paths, returning only one which may incur unexpected behavior!
[13:02:30] [Render thread/WARN] (FabricLoader) getRootPath access for fabric-containers-v0 0.1.81+df3654b3a0 with multiple paths, returning only one which may incur unexpected behavior!
[13:02:30] [Render thread/WARN] (FabricLoader) getRootPath access for me-fabric 0.0.1-TESTBUILD-1 with multiple paths, returning only one which may incur unexpected behavior!
[13:02:30] [Render thread/WARN] (FabricLoader) getRootPath access for fabric-lifecycle-events-v1 2.2.28+c8b10480a0 with multiple paths, returning only one which may incur unexpected behavior!
[13:02:30] [Render thread/WARN] (FabricLoader) getRootPath access for fabric-item-api-v1 2.1.33+b1792f7da0 with multiple paths, returning only one which may incur unexpected behavior!
[13:02:30] [Render thread/WARN] (FabricLoader) getRootPath access for fabric-message-api-v1 6.0.2+e3d2bf3fa0 with multiple paths, returning only one which may incur unexpected behavior!
[13:02:30] [Render thread/WARN] (FabricLoader) getRootPath access for fabric-networking-api-v1 3.1.5+f4be560ba0 with multiple paths, returning only one which may incur unexpected behavior!
[13:02:30] [Render thread/WARN] (FabricLoader) getRootPath access for fabric-recipe-api-v1 2.0.14+52b3ebe5a0 with multiple paths, returning only one which may incur unexpected behavior!
[13:02:30] [Render thread/WARN] (FabricLoader) getRootPath access for fabric-block-view-api-v2 1.0.1+73761d2ea0 with multiple paths, returning only one which may incur unexpected behavior!
[13:02:30] [Render thread/INFO] (owo) Services frozen by 'net.minecraft.client.MinecraftClient'
[13:02:30] [Render thread/INFO] (Minecraft) Backend library: LWJGL version 3.3.2-snapshot
[13:02:30] [Render thread/INFO] (Minecraft) [STDERR]: [LWJGL] [ThreadLocalUtil] Unsupported JNI version detected, this may result in a crash. Please inform LWJGL developers.
[13:02:32] [Render thread/INFO] (Minecraft) Reloading ResourceManager: vanilla, fabric (fabric-convention-tags-v1, fabric-item-group-api-v1, fabric-renderer-api-v1, fabric-renderer-indigo, fabric-screen-api-v1, fabric-api, fabric-block-api-v1, fabric-models-v0, modmenu, fabric-commands-v0, fabric-transitive-access-wideners-v1, fabric-sound-api-v1, fabric-blockrenderlayer-v1, fabric-model-loading-api-v1, fabric-rendering-fluids-v1, fabric-api-base, fabric-data-generation-api-v1, fabric-transfer-api-v1, fabric-command-api-v2, fabric-key-binding-api-v1, fabric-gametest-api-v1, fabric-command-api-v1, fabric-events-interaction-v0, fabric-entity-events-v1, fabric-events-lifecycle-v0, fabric-keybindings-v0, fabric-registry-sync-v0, fabric-particles-v1, fabric-rendering-data-attachment-v1, fabric-loot-api-v2, fabric-screen-handler-api-v1, fabric-mining-level-api-v1, fabric-game-rule-api-v1, fabric-rendering-v1, fabric-resource-loader-v0, fabric-biome-api-v1, fabric-object-builder-api-v1, fabric-renderer-registries-v1, fabric-rendering-v0, fabric-resource-conditions-api-v1, fabric-content-registries-v0, fabric-containers-v0, fabric-crash-report-info-v1, fabricloader, me-fabric, fabric-dimensions-v1, fabric-lifecycle-events-v1, fabric-item-api-v1, fabric-api-lookup-api-v1, owo, fabric-message-api-v1, fabric-networking-api-v1, fabric-recipe-api-v1, fabric-block-view-api-v2, fabric-client-tags-api-v1)
[13:02:32] [Worker-Main-4/INFO] (Minecraft) Found unifont_all_no_pua-15.0.06.hex, loading
[13:02:34] [Worker-Main-6/WARN] (Minecraft) Exception loading blockstate definition: 'me-fabric:blockstates/test.json' missing model for variant: 'me-fabric:test#'
[13:02:34] [Worker-Main-6/WARN] (Minecraft) Unable to load model: 'me-fabric:test#inventory' referenced from: me-fabric:test#inventory: java.io.FileNotFoundException: me-fabric:models/item/test.json
[13:02:35] [Render thread/WARN] (Minecraft) Missing sound for event: minecraft:item.goat_horn.play
[13:02:35] [Render thread/WARN] (Minecraft) Missing sound for event: minecraft:entity.goat.screaming.horn_break
[13:02:38] [Render thread/INFO] (Minecraft) OpenAL initialized on device MacBook Air Speakers
[13:02:38] [Render thread/INFO] (Minecraft) Sound engine started
[13:02:38] [Render thread/INFO] (Minecraft) Created: 1024x512x4 minecraft:textures/atlas/blocks.png-atlas
[13:02:38] [Render thread/INFO] (Minecraft) Created: 256x256x4 minecraft:textures/atlas/signs.png-atlas
[13:02:38] [Render thread/INFO] (Minecraft) Created: 512x512x4 minecraft:textures/atlas/shield_patterns.png-atlas
[13:02:38] [Render thread/INFO] (Minecraft) Created: 512x512x4 minecraft:textures/atlas/banner_patterns.png-atlas
[13:02:38] [Render thread/INFO] (Minecraft) Created: 1024x1024x4 minecraft:textures/atlas/armor_trims.png-atlas
[13:02:38] [Render thread/INFO] (Minecraft) Created: 128x64x4 minecraft:textures/atlas/decorated_pot.png-atlas
[13:02:38] [Render thread/INFO] (Minecraft) Created: 256x256x4 minecraft:textures/atlas/chest.png-atlas
[13:02:38] [Render thread/INFO] (Minecraft) Created: 512x256x4 minecraft:textures/atlas/shulker_boxes.png-atlas
[13:02:38] [Render thread/INFO] (Minecraft) Created: 512x256x4 minecraft:textures/atlas/beds.png-atlas
[13:02:39] [Render thread/WARN] (Minecraft) Shader rendertype_entity_translucent_emissive could not find sampler named Sampler2 in the specified shader program.
[13:02:39] [Render thread/INFO] (Minecraft) Created: 256x256x0 minecraft:textures/atlas/particles.png-atlas
[13:02:39] [Render thread/INFO] (Minecraft) Created: 256x256x0 minecraft:textures/atlas/paintings.png-atlas
[13:02:39] [Render thread/INFO] (Minecraft) Created: 128x128x0 minecraft:textures/atlas/mob_effects.png-atlas
[13:02:39] [Render thread/INFO] (Minecraft) Created: 1024x512x0 minecraft:textures/atlas/gui.png-atlas
[13:02:40] [IO-Worker-1/INFO] (Minecraft) Could not authorize you against Realms server: Invalid session id
[13:02:40] [IO-Worker-1/ERROR] (Minecraft) Couldn't connect to realms
net.minecraft.client.realms.exception.RealmsServiceException: Realms authentication error with message 'Invalid session id'
	at net.minecraft.client.realms.RealmsClient.execute(RealmsClient.java:432) ~[minecraft-clientOnly-377ddae671-1.20.2-net.fabricmc.yarn.1_20_2.1.20.2+build.4-v2.jar:?]
	at net.minecraft.client.realms.RealmsClient.clientCompatible(RealmsClient.java:218) ~[minecraft-clientOnly-377ddae671-1.20.2-net.fabricmc.yarn.1_20_2.1.20.2+build.4-v2.jar:?]
	at net.minecraft.client.realms.RealmsAvailability.method_52627(RealmsAvailability.java:45) ~[minecraft-clientOnly-377ddae671-1.20.2-net.fabricmc.yarn.1_20_2.1.20.2+build.4-v2.jar:?]
	at java.util.concurrent.CompletableFuture$AsyncSupply.run(CompletableFuture.java:1768) ~[?:?]
	at java.util.concurrent.ThreadPoolExecutor.runWorker(ThreadPoolExecutor.java:1144) ~[?:?]
	at java.util.concurrent.ThreadPoolExecutor$Worker.run(ThreadPoolExecutor.java:642) ~[?:?]
	at java.lang.Thread.run(Thread.java:1583) ~[?:?]
